[INFO] Scanning for projects...
[INFO] 
[INFO] --------------------< com.example:multi-management >--------------------
[INFO] Building multi-management 0.0.1-SNAPSHOT
[INFO]   from pom.xml
[INFO] --------------------------------[ jar ]---------------------------------
[INFO] 
[INFO] --- clean:3.5.0:clean (default-clean) @ multi-management ---
[INFO] Deleting D:\ON-WORKING-PROJECT\multi-management\target
[INFO] 
[INFO] --- resources:3.3.1:resources (default-resources) @ multi-management ---
[INFO] Copying 1 resource from src\main\resources to target\classes
[INFO] Copying 0 resource from src\main\resources to target\classes
[INFO] 
[INFO] --- compiler:3.14.1:compile (default-compile) @ multi-management ---
[INFO] Recompiling the module because of changed source code.
[INFO] Compiling 34 source files with javac [debug parameters release 21] to target\classes
[INFO] ------------------------------------------------------------------------
[INFO] BUILD SUCCESS
[INFO] ------------------------------------------------------------------------
[INFO] Total time:  5.746 s
[INFO] Finished at: 2025-12-27T14:08:50+05:30
[INFO] ------------------------------------------------------------------------
